
   Program  MARK  - Survival Rate Estimation with Capture-Recapture Data
   gfortran(dble) Vers. 9.0 Jan 2019     5-Jan-2020 18:04:01    Page  001
 - - - - - - - - - - - - - - - - - - - - - - - - - - - - - - - - - - - - - -
 
   This version was compiled by GCC version 9.1.0 using the options: 
     -cpp -iprefix c:\tdm-gcc-64\gcc64\bin\../lib/gcc/x86_64-w64-mingw32/9.1.0/
     -D_MT -U_REENTRANT -D IEEE -D DBLEPRECISION -m64 -mtune=generic -march=x86-64
     -mthreads -O2 -fimplicit-none -fbounds-check -funroll-loops -ftree-vectorize
     -ffpe-summary=invalid,zero,overflow,underflow -fno-unsafe-math-optimizations
     -frounding-math -fsignaling-nans -fopenmp.

   This problem will use 3 of 4 possible threads.


  INPUT --- proc title ;

   CPU Time for the last procedure was 0.01 seconds.     


  INPUT --- proc chmatrix occasions= 13 groups= 1 etype= Live Nodes= 
  INPUT --- 101 ICMeans NoHist hist= 102  ;

  INPUT ---    time interval 1 1 1 1 1 1 1 1 1 1 1 1 ;

  INPUT ---    glabel(1)=Group 1;

      Number of unique encounter histories read was 102.

      Number of individual covariates read was 0.
      Time interval lengths are all equal to 1.

      Data type number is 1
      Data type is Live Recaptures (CJS)                                                                               

   CPU Time for the last procedure was 0.01 seconds.     

  Program  MARK  - Survival Rate Estimation with Capture-Recapture Data
   gfortran(dble) Vers. 9.0 Jan 2019     5-Jan-2020 18:04:01    Page  002
 - - - - - - - - - - - - - - - - - - - - - - - - - - - - - - - - - - - - - -
 


  INPUT --- proc estimate link=Logit NOLOOP varest=2ndPart    ;


  INPUT --- model={ Phi(~1)p(~1) };

  INPUT ---    group=1 Phi    rows=12 cols=12 Triang ;
  INPUT ---        1 1 1 1 1 1 1 1 1 1 1 1 ;
  INPUT ---        1 1 1 1 1 1 1 1 1 1 1 ;
  INPUT ---        1 1 1 1 1 1 1 1 1 1 ;
  INPUT ---        1 1 1 1 1 1 1 1 1 ;
  INPUT ---        1 1 1 1 1 1 1 1 ;
  INPUT ---        1 1 1 1 1 1 1 ;
  INPUT ---        1 1 1 1 1 1 ;
  INPUT ---        1 1 1 1 1 ;
  INPUT ---        1 1 1 1 ;
  INPUT ---        1 1 1 ;
  INPUT ---        1 1 ;
  INPUT ---        1 ;

  INPUT ---    group=1 p    rows=12 cols=12 Triang ;
  INPUT ---        2 2 2 2 2 2 2 2 2 2 2 2 ;
  INPUT ---        2 2 2 2 2 2 2 2 2 2 2 ;
  INPUT ---        2 2 2 2 2 2 2 2 2 2 ;
  INPUT ---        2 2 2 2 2 2 2 2 2 ;
  INPUT ---        2 2 2 2 2 2 2 2 ;
  INPUT ---        2 2 2 2 2 2 2 ;
  INPUT ---        2 2 2 2 2 2 ;
  INPUT ---        2 2 2 2 2 ;
  INPUT ---        2 2 2 2 ;
  INPUT ---        2 2 2 ;
  INPUT ---        2 2 ;
  INPUT ---        2 ;

  INPUT ---    design matrix constraints=2 covariates=2 identity;
  INPUT ---       blabel(1)=Phi:(Intercept);
  INPUT ---       blabel(2)=p:(Intercept);
  INPUT ---       rlabel(1)=Phi g1 c2005 a0 t2005;
  INPUT ---       rlabel(2)=p g1 c2005 a1 t2006;

 Link Function Used is LOGIT        

 Variance Estimation Procedure Used is 2ndPart 
 -2logL(saturated) = 1564.1455     
 Effective Sample Size = 1359

 Number of function evaluations was 10 for 2 parameters.

  Program  MARK  - Survival Rate Estimation with Capture-Recapture Data
   gfortran(dble) Vers. 9.0 Jan 2019     5-Jan-2020 18:04:01    Page  003
 - - - - - - - - - - - - - - - - - - - - - - - - - - - - - - - - - - - - - -
 
 Time for numerical optimization was 0.02 seconds.     
 -2logL { Phi(~1)p(~1) } = 1995.9988     
 Penalty { Phi(~1)p(~1) } = 0.0000000     
 Gradient { Phi(~1)p(~1) }:
 -0.5765466E-05  0.8788844E-05
 Maximum ABS(G) { Phi(~1)p(~1) } = 0.8788844E-05 
 Time to compute VC matrix was 0.01 seconds.     
 S Vector { Phi(~1)p(~1) }:
   254.2615      22.65850    
 Time to invert VC matrix was 0.01 seconds.     
 Gap Method for Num. of Estimated Parameters { Phi(~1)p(~1) } = 2          
 Threshold { Phi(~1)p(~1) } = 0.1757769E-04                 
 Numerical Threshold Method for Num. of Estimated Parameters { Phi(~1)p(~1) } = 2          
 Number of Estimated Parameters { Phi(~1)p(~1) } = 2          
 DEVIANCE { Phi(~1)p(~1) } = 431.85330                     
 DEVIANCE Degrees of Freedom { Phi(~1)p(~1) } = 87            
 c-hat { Phi(~1)p(~1) } = 4.9638311                     
 AIC { Phi(~1)p(~1) } = 1999.9988                  
 AICc { Phi(~1)p(~1) } = 2000.0077                    
 BIC { Phi(~1)p(~1) } = 2010.4278                    
 Pearson Chisquare { Phi(~1)p(~1) } = 5790586.7                  
 Possible Encounter Histories { Phi(~1)p(~1) } = 8190             
 Pearson Chisquare df { Phi(~1)p(~1) } = 8176        
 Pearson chat { Phi(~1)p(~1) } = 708.24201                  
 Sum(Observed/Expected) { Phi(~1)p(~1) } = 5790591.2                  
 s-bar { Phi(~1)p(~1) } = 707.06789                  
 Fletcher chat { Phi(~1)p(~1) } = 1.0002459                  


                       LOGIT Link Function Parameters of { Phi(~1)p(~1) }
                                                              95% Confidence Interval
 Parameter                    Beta         Standard Error      Lower           Upper
 -------------------------  --------------  --------------  --------------  --------------
    1:Phi:(Intercept)        1.6465838       0.1889082       1.2763238       2.0168438    
    2:p:(Intercept)         -2.4723086       0.1112664      -2.6903907      -2.2542265    


                       Real Function Parameters of { Phi(~1)p(~1) }
                                                               95% Confidence Interval
  Parameter                  Estimate       Standard Error      Lower           Upper
 --------------------------  --------------  --------------  --------------  --------------
     1:Phi g1 c2005 a0 t200   0.8384288       0.0255906       0.7818234       0.8825543                          
     2:p g1 c2005 a1 t2006    0.0778224       0.0079852       0.0635428       0.0949855                          

   CPU Time for the last procedure was 0.02 seconds.     

  Program  MARK  - Survival Rate Estimation with Capture-Recapture Data
   gfortran(dble) Vers. 9.0 Jan 2019     5-Jan-2020 18:04:03    Page  004
 - - - - - - - - - - - - - - - - - - - - - - - - - - - - - - - - - - - - - -
 


  INPUT --- proc stop;

     CPU Time in minutes for this job was 0.00

     Time Start = 18:04:01.823   Time End = 18:04:03.057

     Wall Clock Time in minutes for this job was 0.02


          E X E C U T I O N   S U C C E S S F U L 
